<?xml version="1.0" encoding="UTF-8"?>
<!-- Generated by org.testng.reporters.JUnitXMLReporter -->
<testsuite ignored="0" hostname="LAPTOP-8E91KTDJ" failures="0" tests="4" name="Default test" time="3.111" errors="0" timestamp="2023-04-09T10:44:40 EDT">
  <testcase classname="api.test.A4_UserTests" name="testPostUser" time="2.275"/>
  <testcase classname="api.test.A4_UserTests" name="testGetUserByName" time="0.129"/>
  <testcase classname="api.test.A4_UserTests" name="testUpdateUserByName" time="0.273"/>
  <testcase classname="api.test.A4_UserTests" name="testDeleteUserByName" time="0.105"/>
</testsuite> <!-- Default test -->
