<?xml version="1.0" encoding="UTF-8"?>
<!-- Generated by org.testng.reporters.JUnitXMLReporter -->
<testsuite ignored="0" hostname="LAPTOP-8E91KTDJ" failures="0" tests="6" name="Default test" time="3.954" errors="0" timestamp="2023-04-04T17:05:15 EDT">
  <testcase classname="api.test.A5_Data_Driven_User_Test" name="testPostUser" time="1.979"/>
  <testcase classname="api.test.A5_Data_Driven_User_Test" name="testPostUser" time="0.138"/>
  <testcase classname="api.test.A5_Data_Driven_User_Test" name="testPostUser" time="0.142"/>
  <testcase classname="api.test.A5_Data_Driven_User_Test" name="testDeleteUserByName" time="0.149"/>
  <testcase classname="api.test.A5_Data_Driven_User_Test" name="testDeleteUserByName" time="0.116"/>
  <testcase classname="api.test.A5_Data_Driven_User_Test" name="testDeleteUserByName" time="0.136"/>
</testsuite> <!-- Default test -->
