<?xml version="1.0" encoding="UTF-8"?>
<testng-results ignored="0" total="4" passed="4" failed="0" skipped="0">
  <reporter-output>
  </reporter-output>
  <suite started-at="2023-04-10T21:03:23 EDT" name="PetSuite" finished-at="2023-04-10T21:03:26 EDT" duration-ms="2469">
    <groups>
    </groups>
    <test started-at="2023-04-10T21:03:23 EDT" name="PetTests" finished-at="2023-04-10T21:03:26 EDT" duration-ms="2469">
      <class name="api.test.A6_UserTests_Logs">
        <test-method is-config="true" signature="setupData()[pri:0, instance:api.test.A6_UserTests_Logs@5d534f5d]" started-at="2023-04-10T21:03:23 EDT" name="setupData" finished-at="2023-04-10T21:03:24 EDT" duration-ms="412" status="PASS">
          <reporter-output>
          </reporter-output>
        </test-method> <!-- setupData -->
        <test-method signature="testPostUser()[pri:1, instance:api.test.A6_UserTests_Logs@5d534f5d]" started-at="2023-04-10T21:03:24 EDT" name="testPostUser" finished-at="2023-04-10T21:03:25 EDT" duration-ms="1289" status="PASS">
          <reporter-output>
          </reporter-output>
        </test-method> <!-- testPostUser -->
        <test-method signature="testGetUserByName()[pri:2, instance:api.test.A6_UserTests_Logs@5d534f5d]" started-at="2023-04-10T21:03:25 EDT" name="testGetUserByName" finished-at="2023-04-10T21:03:25 EDT" duration-ms="158" status="PASS">
          <reporter-output>
          </reporter-output>
        </test-method> <!-- testGetUserByName -->
        <test-method signature="testUpdateUserByName()[pri:3, instance:api.test.A6_UserTests_Logs@5d534f5d]" started-at="2023-04-10T21:03:25 EDT" name="testUpdateUserByName" finished-at="2023-04-10T21:03:25 EDT" duration-ms="294" status="PASS">
          <reporter-output>
          </reporter-output>
        </test-method> <!-- testUpdateUserByName -->
        <test-method signature="testDeleteUserByName()[pri:4, instance:api.test.A6_UserTests_Logs@5d534f5d]" started-at="2023-04-10T21:03:25 EDT" name="testDeleteUserByName" finished-at="2023-04-10T21:03:26 EDT" duration-ms="138" status="PASS">
          <reporter-output>
          </reporter-output>
        </test-method> <!-- testDeleteUserByName -->
      </class> <!-- api.test.A6_UserTests_Logs -->
    </test> <!-- PetTests -->
  </suite> <!-- PetSuite -->
</testng-results>
