<?xml version="1.0" encoding="UTF-8"?>
<testng-results ignored="0" total="4" passed="4" failed="0" skipped="0">
  <reporter-output>
  </reporter-output>
  <suite started-at="2023-04-05T14:11:23 EDT" name="PetSuite" finished-at="2023-04-05T14:11:26 EDT" duration-ms="2814">
    <groups>
    </groups>
    <test started-at="2023-04-05T14:11:23 EDT" name="PetTests" finished-at="2023-04-05T14:11:26 EDT" duration-ms="2814">
      <class name="api.test.A7_UserTests_Properties_File">
        <test-method is-config="true" signature="setupData()[pri:0, instance:api.test.A7_UserTests_Properties_File@35cabb2a]" started-at="2023-04-05T14:11:23 EDT" name="setupData" finished-at="2023-04-05T14:11:24 EDT" duration-ms="491" status="PASS">
          <reporter-output>
          </reporter-output>
        </test-method> <!-- setupData -->
        <test-method signature="testPostUser()[pri:1, instance:api.test.A7_UserTests_Properties_File@35cabb2a]" started-at="2023-04-05T14:11:24 EDT" name="testPostUser" finished-at="2023-04-05T14:11:25 EDT" duration-ms="1510" status="PASS">
          <reporter-output>
          </reporter-output>
        </test-method> <!-- testPostUser -->
        <test-method signature="testGetUserByName()[pri:2, instance:api.test.A7_UserTests_Properties_File@35cabb2a]" started-at="2023-04-05T14:11:25 EDT" name="testGetUserByName" finished-at="2023-04-05T14:11:26 EDT" duration-ms="159" status="PASS">
          <reporter-output>
          </reporter-output>
        </test-method> <!-- testGetUserByName -->
        <test-method signature="testUpdateUserByName()[pri:3, instance:api.test.A7_UserTests_Properties_File@35cabb2a]" started-at="2023-04-05T14:11:26 EDT" name="testUpdateUserByName" finished-at="2023-04-05T14:11:26 EDT" duration-ms="274" status="PASS">
          <reporter-output>
          </reporter-output>
        </test-method> <!-- testUpdateUserByName -->
        <test-method signature="testDeleteUserByName()[pri:4, instance:api.test.A7_UserTests_Properties_File@35cabb2a]" started-at="2023-04-05T14:11:26 EDT" name="testDeleteUserByName" finished-at="2023-04-05T14:11:26 EDT" duration-ms="138" status="PASS">
          <reporter-output>
          </reporter-output>
        </test-method> <!-- testDeleteUserByName -->
      </class> <!-- api.test.A7_UserTests_Properties_File -->
    </test> <!-- PetTests -->
  </suite> <!-- PetSuite -->
</testng-results>
