<?xml version="1.0" encoding="UTF-8"?>
<!-- Generated by org.testng.reporters.JUnitXMLReporter -->
<testsuite ignored="0" hostname="LAPTOP-8E91KTDJ" failures="0" tests="4" name="PetTests" time="3.201" errors="0" timestamp="2023-04-11T09:45:36 EDT">
  <testcase classname="api.test.A6_UserTests_Logs" name="testPostUser" time="1.776"/>
  <testcase classname="api.test.A6_UserTests_Logs" name="testGetUserByName" time="0.174"/>
  <testcase classname="api.test.A6_UserTests_Logs" name="testUpdateUserByName" time="0.282"/>
  <testcase classname="api.test.A6_UserTests_Logs" name="testDeleteUserByName" time="0.128"/>
</testsuite> <!-- PetTests -->
