<?xml version="1.0" encoding="UTF-8"?>
<!-- Generated by org.testng.reporters.JUnitXMLReporter -->
<testsuite ignored="0" hostname="LAPTOP-8E91KTDJ" failures="0" tests="4" name="PetTests" time="2.234" errors="0" timestamp="2023-04-10T21:54:02 EDT">
  <testcase classname="api.test.A6_UserTests_Logs" name="testPostUser" time="1.138"/>
  <testcase classname="api.test.A6_UserTests_Logs" name="testGetUserByName" time="0.142"/>
  <testcase classname="api.test.A6_UserTests_Logs" name="testUpdateUserByName" time="0.286"/>
  <testcase classname="api.test.A6_UserTests_Logs" name="testDeleteUserByName" time="0.125"/>
</testsuite> <!-- PetTests -->
