<?xml version="1.0" encoding="UTF-8"?>
<!-- Generated by org.testng.reporters.JUnitXMLReporter -->
<testsuite ignored="0" hostname="LAPTOP-8E91KTDJ" failures="0" tests="4" name="PetTests" time="2.814" errors="0" timestamp="2023-04-05T14:11:26 EDT">
  <testcase classname="api.test.A7_UserTests_Properties_File" name="testPostUser" time="1.51"/>
  <testcase classname="api.test.A7_UserTests_Properties_File" name="testGetUserByName" time="0.159"/>
  <testcase classname="api.test.A7_UserTests_Properties_File" name="testUpdateUserByName" time="0.274"/>
  <testcase classname="api.test.A7_UserTests_Properties_File" name="testDeleteUserByName" time="0.138"/>
</testsuite> <!-- PetTests -->
